<?xml version="1.0" encoding="UTF-8"?>
<robot generator="Robot 3.1.2 (Python 3.7.3 on win32)" generated="20191208 12:31:02.924" rpa="false">
<suite id="s1" name="Smartroomtest" source="D:\mapuasmartroom\smartroomtest.robot">
<test id="s1-t1" name="Configuration File">
<kw name="Should Exist" library="OperatingSystem">
<doc>Fails unless the given path (file or directory) exists.</doc>
<arguments>
<arg>smartroom.yaml</arg>
<arg>Luna's config file is missing</arg>
</arguments>
<msg timestamp="20191208 12:31:03.669" level="INFO" html="yes">Path '&lt;a href="file://D:\mapuasmartroom\smartroom.yaml"&gt;D:\mapuasmartroom\smartroom.yaml&lt;/a&gt;' exists.</msg>
<status status="PASS" starttime="20191208 12:31:03.669" endtime="20191208 12:31:03.669"></status>
</kw>
<kw name="Convert To Uppercase" library="String">
<doc>Converts string to uppercase.</doc>
<arguments>
<arg>${luna.configurations["DEFAULT_WAKE_WORD"]}</arg>
</arguments>
<assign>
<var>${wake_word}</var>
</assign>
<msg timestamp="20191208 12:31:03.670" level="INFO">${wake_word} = LUNA</msg>
<status status="PASS" starttime="20191208 12:31:03.670" endtime="20191208 12:31:03.671"></status>
</kw>
<kw name="Should Be Equal" library="BuiltIn">
<doc>Fails if the given objects are unequal.</doc>
<arguments>
<arg>LUNA</arg>
<arg>${wake_word}</arg>
<arg>Luna's wake word is not configured properly</arg>
</arguments>
<status status="PASS" starttime="20191208 12:31:03.671" endtime="20191208 12:31:03.671"></status>
</kw>
<kw name="Convert To Uppercase" library="String">
<doc>Converts string to uppercase.</doc>
<arguments>
<arg>${luna.configurations["MICROPHONE_MODEL_NAME"]}</arg>
</arguments>
<assign>
<var>${microphone}</var>
</assign>
<msg timestamp="20191208 12:31:03.673" level="INFO">${microphone} = RESPEAKER 4 MIC ARRAY</msg>
<status status="PASS" starttime="20191208 12:31:03.672" endtime="20191208 12:31:03.673"></status>
</kw>
<kw name="Should Be Equal" library="BuiltIn">
<doc>Fails if the given objects are unequal.</doc>
<arguments>
<arg>RESPEAKER 4 MIC ARRAY</arg>
<arg>${microphone}</arg>
<arg>Luna's microphone is not configured properly</arg>
</arguments>
<status status="PASS" starttime="20191208 12:31:03.673" endtime="20191208 12:31:03.674"></status>
</kw>
<kw name="Should Be Equal" library="BuiltIn">
<doc>Fails if the given objects are unequal.</doc>
<arguments>
<arg>'3'</arg>
<arg>'${luna.configurations["COMMANDS"]["BAOS"]}'</arg>
<arg>Luna's KNX command is not configured properly</arg>
</arguments>
<status status="PASS" starttime="20191208 12:31:03.675" endtime="20191208 12:31:03.676"></status>
</kw>
<status status="PASS" starttime="20191208 12:31:03.668" endtime="20191208 12:31:03.685" critical="yes"></status>
</test>
<status status="PASS" starttime="20191208 12:31:02.927" endtime="20191208 12:31:03.687"></status>
</suite>
<statistics>
<total>
<stat pass="1" fail="0">Critical Tests</stat>
<stat pass="1" fail="0">All Tests</stat>
</total>
<tag>
</tag>
<suite>
<stat pass="1" fail="0" id="s1" name="Smartroomtest">Smartroomtest</stat>
</suite>
</statistics>
<errors>
</errors>
</robot>
